<?xml version="1.0" encoding="UTF-8"?>
<!-- Generated by org.testng.reporters.JUnitXMLReporter -->
<testsuite hostname="swapnilband-w" ignored="0" name="FlipLogin" tests="6" failures="4" timestamp="01 Aug 2018 05:34:06 GMT" time="158.429" errors="0">
  <testcase name="Testcase" time="37.477" classname="flipTest.TestCases">
    <failure type="org.openqa.selenium.StaleElementReferenceException" message="The element reference of &amp;lt;a class=&amp;quot;_2Ns50p&amp;quot; href=&amp;quot;#&amp;quot;&amp;gt; is stale; either the element is no longer attached to the DOM, it is not in the current frame context, or the document has been refreshed
For documentation on this error, please visit: http://seleniumhq.org/exceptions/stale_element_reference.html
Build info: version: &amp;apos;3.13.0&amp;apos;, revision: &amp;apos;2f0d292&amp;apos;, time: &amp;apos;2018-06-25T15:24:21.231Z&amp;apos;
System info: host: &amp;apos;SWAPNILBAND-W&amp;apos;, ip: &amp;apos;172.27.15.207&amp;apos;, os.name: &amp;apos;Windows 10&amp;apos;, os.arch: &amp;apos;amd64&amp;apos;, os.version: &amp;apos;10.0&amp;apos;, java.version: &amp;apos;1.8.0_144&amp;apos;
Driver info: org.openqa.selenium.firefox.FirefoxDriver
Capabilities {acceptInsecureCerts: true, browserName: firefox, browserVersion: 60.0.1, javascriptEnabled: true, moz:accessibilityChecks: false, moz:headless: false, moz:processID: 5212, moz:profile: C:\Users\swapnilband\AppDat..., moz:useNonSpecCompliantPointerOrigin: false, moz:webdriverClick: true, pageLoadStrategy: normal, platform: XP, platformName: XP, platformVersion: 10.0, rotatable: false, timeouts: {implicit: 0, pageLoad: 300000, script: 30000}}
Session ID: 665628aa-ef60-423c-9387-99163c44a11b">
      <![CDATA[org.openqa.selenium.StaleElementReferenceException: The element reference of <a class="_2Ns50p" href="#"> is stale; either the element is no longer attached to the DOM, it is not in the current frame context, or the document has been refreshed
For documentation on this error, please visit: http://seleniumhq.org/exceptions/stale_element_reference.html
Build info: version: '3.13.0', revision: '2f0d292', time: '2018-06-25T15:24:21.231Z'
System info: host: 'SWAPNILBAND-W', ip: '172.27.15.207', os.name: 'Windows 10', os.arch: 'amd64', os.version: '10.0', java.version: '1.8.0_144'
Driver info: org.openqa.selenium.firefox.FirefoxDriver
Capabilities {acceptInsecureCerts: true, browserName: firefox, browserVersion: 60.0.1, javascriptEnabled: true, moz:accessibilityChecks: false, moz:headless: false, moz:processID: 5212, moz:profile: C:\Users\swapnilband\AppDat..., moz:useNonSpecCompliantPointerOrigin: false, moz:webdriverClick: true, pageLoadStrategy: normal, platform: XP, platformName: XP, platformVersion: 10.0, rotatable: false, timeouts: {implicit: 0, pageLoad: 300000, script: 30000}}
Session ID: 665628aa-ef60-423c-9387-99163c44a11b
at org.openqa.selenium.remote.http.W3CHttpResponseCodec.createException(W3CHttpResponseCodec.java:187)
at org.openqa.selenium.remote.http.W3CHttpResponseCodec.decode(W3CHttpResponseCodec.java:122)
at org.openqa.selenium.remote.http.W3CHttpResponseCodec.decode(W3CHttpResponseCodec.java:49)
at org.openqa.selenium.remote.HttpCommandExecutor.execute(HttpCommandExecutor.java:158)
at org.openqa.selenium.remote.service.DriverCommandExecutor.execute(DriverCommandExecutor.java:83)
at org.openqa.selenium.remote.RemoteWebDriver.execute(RemoteWebDriver.java:548)
at org.openqa.selenium.remote.RemoteWebElement.execute(RemoteWebElement.java:276)
at org.openqa.selenium.remote.RemoteWebElement.click(RemoteWebElement.java:83)
at org.openqa.selenium.support.pagefactory.internal.LocatingElementHandler.invoke(LocatingElementHandler.java:51)
at com.sun.proxy.$Proxy7.click(Unknown Source)
at com.Flipkart.Pages.Logout.flipLogout(Logout.java:27)
at flipTest.TestCases.Testcase(TestCases.java:21)
... Removed 36 stack frames]]>
    </failure>
  </testcase> <!-- Testcase -->
  <testcase name="Testcase" time="36.93" classname="flipTest.TestCases">
    <failure type="junit.framework.AssertionFailedError">
      <![CDATA[junit.framework.AssertionFailedError
at junit.framework.Assert.fail(Assert.java:47)
at junit.framework.Assert.fail(Assert.java:53)
at com.Flipkart.TestBase.FilpTestBase.assertElement(FilpTestBase.java:124)
at com.Flipkart.Pages.LoginPage.flipLogin(LoginPage.java:35)
at flipTest.TestCases.Testcase(TestCases.java:19)
... Removed 28 stack frames]]>
    </failure>
  </testcase> <!-- Testcase -->
  <testcase name="Testcase" time="19.658" classname="flipTest.TestCases"/>
  <testcase name="Testcase" time="32.454" classname="flipTest.TestCases">
    <failure type="junit.framework.AssertionFailedError">
      <![CDATA[junit.framework.AssertionFailedError
at junit.framework.Assert.fail(Assert.java:47)
at junit.framework.Assert.fail(Assert.java:53)
at com.Flipkart.TestBase.FilpTestBase.assertElement(FilpTestBase.java:124)
at com.Flipkart.Pages.LoginPage.flipLogin(LoginPage.java:35)
at flipTest.TestCases.Testcase(TestCases.java:19)
... Removed 28 stack frames]]>
    </failure>
  </testcase> <!-- Testcase -->
  <testcase name="Testcase" time="5.184" classname="flipTest.TestCases">
    <failure type="junit.framework.AssertionFailedError">
      <![CDATA[junit.framework.AssertionFailedError
at junit.framework.Assert.fail(Assert.java:47)
at junit.framework.Assert.fail(Assert.java:53)
at com.Flipkart.TestBase.FilpTestBase.fn_LaunchBrowser(FilpTestBase.java:80)
at flipTest.TestCases.Testcase(TestCases.java:17)
... Removed 28 stack frames]]>
    </failure>
  </testcase> <!-- Testcase -->
  <testcase name="Testcase" time="18.562" classname="flipTest.TestCases"/>
</testsuite> <!-- FlipLogin -->
